commit c25114ab9779a77cbfc642379b5eee827246935d
Merge: 656339b fcb9304
Author: Aila <ailaenos@utexas.edu>
Date:   Tue Jul 12 20:24:49 2016 -0400

    resolved conflict

commit 656339b338f4ba6212a0e93d73c2bb19f47d9bf4
Author: Aila <ailaenos@utexas.edu>
Date:   Tue Jul 12 20:23:28 2016 -0400

    tesT

commit fcb9304507f50f6ca5b726ef252c903a999db474
Author: Kirk Johnson <kirk.johnson@utexas.edu>
Date:   Tue Jul 12 19:22:50 2016 -0500

    trying to fix run-tests

commit 436b55097ab90a79d70430adb9fc39beafe3e3c8
Author: bratxdy <bratxdy@utexas.edu>
Date:   Tue Jul 12 18:57:29 2016 -0500

    Added the import

commit 9b41ce66156cefd8ed488c4bb401503782be3ef2
Author: bratxdy <bratxdy@utexas.edu>
Date:   Tue Jul 12 18:49:42 2016 -0500

    Added the run test api

commit 251d437c9605e9e20c013903849b830f73c627d4
Author: Aila <ailaenos@utexas.edu>
Date:   Tue Jul 12 19:01:54 2016 -0400

    initial commit
